[debug] [2026-04-05T09:49:40.208Z] ----------------------------------------------------------------------
[debug] [2026-04-05T09:49:40.213Z] Command:       C:\Program Files\nodejs\node.exe C:\Users\WINDOWS\AppData\Roaming\npm\node_modules\firebase-tools\lib\bin\firebase.js deploy --only hosting
[debug] [2026-04-05T09:49:40.214Z] CLI Version:   15.12.0
[debug] [2026-04-05T09:49:40.214Z] Platform:      win32
[debug] [2026-04-05T09:49:40.214Z] Node Version:  v24.14.0
[debug] [2026-04-05T09:49:40.215Z] Time:          Sun Apr 05 2026 10:49:40 GMT+0100 (West Africa Time)
[debug] [2026-04-05T09:49:40.215Z] ----------------------------------------------------------------------
[debug] 
[debug] [2026-04-05T09:49:46.380Z] > command requires scopes: ["email","openid","https://www.googleapis.com/auth/cloudplatformprojects.readonly","https://www.googleapis.com/auth/firebase","https://www.googleapis.com/auth/cloud-platform"]
[debug] [2026-04-05T09:49:46.382Z] > authorizing via signed-in user (afolayanibukun33@gmail.com)
[debug] [2026-04-05T09:49:46.382Z] [iam] checking project lexica-f4l4v for permissions ["firebase.projects.get","firebasehosting.sites.update"]
[debug] [2026-04-05T09:49:46.387Z] Checked if tokens are valid: true, expires at: 1775384935299
[debug] [2026-04-05T09:49:46.387Z] Checked if tokens are valid: true, expires at: 1775384935299
[debug] [2026-04-05T09:49:46.389Z] >>> [apiv2][query] POST https://cloudresourcemanager.googleapis.com/v1/projects/lexica-f4l4v:testIamPermissions [none]
[debug] [2026-04-05T09:49:46.389Z] >>> [apiv2][(partial)header] POST https://cloudresourcemanager.googleapis.com/v1/projects/lexica-f4l4v:testIamPermissions  x-goog-user-project=lexica-f4l4v
[debug] [2026-04-05T09:49:46.390Z] >>> [apiv2][body] POST https://cloudresourcemanager.googleapis.com/v1/projects/lexica-f4l4v:testIamPermissions {"permissions":["firebase.projects.get","firebasehosting.sites.update"]}
[debug] [2026-04-05T09:49:47.493Z] <<< [apiv2][status] POST https://cloudresourcemanager.googleapis.com/v1/projects/lexica-f4l4v:testIamPermissions 200
[debug] [2026-04-05T09:49:47.493Z] <<< [apiv2][body] POST https://cloudresourcemanager.googleapis.com/v1/projects/lexica-f4l4v:testIamPermissions {"permissions":["firebase.projects.get","firebasehosting.sites.update"]}
[debug] [2026-04-05T09:49:47.494Z] Checked if tokens are valid: true, expires at: 1775384935299
[debug] [2026-04-05T09:49:47.494Z] Checked if tokens are valid: true, expires at: 1775384935299
[debug] [2026-04-05T09:49:47.495Z] >>> [apiv2][query] GET https://firebase.googleapis.com/v1beta1/projects/lexica-f4l4v [none]
[debug] [2026-04-05T09:49:48.533Z] <<< [apiv2][status] GET https://firebase.googleapis.com/v1beta1/projects/lexica-f4l4v 200
[debug] [2026-04-05T09:49:48.533Z] <<< [apiv2][body] GET https://firebase.googleapis.com/v1beta1/projects/lexica-f4l4v {"projectId":"lexica-f4l4v","projectNumber":"127618421468","displayName":"Lexica","name":"projects/lexica-f4l4v","resources":{"hostingSite":"lexica-f4l4v"},"state":"ACTIVE","etag":"1_5d65edda-c59d-45d1-9600-d1967324acf8"}
[info] 
[info] === Deploying to 'lexica-f4l4v'...
[info] 
[info] i  deploying hosting 
[debug] [2026-04-05T09:49:48.543Z] Checked if tokens are valid: true, expires at: 1775384935299
[debug] [2026-04-05T09:49:48.543Z] Checked if tokens are valid: true, expires at: 1775384935299
[debug] [2026-04-05T09:49:48.543Z] >>> [apiv2][query] POST https://firebasehosting.googleapis.com/v1beta1/projects/-/sites/lexica-f4l4v/versions [none]
[debug] [2026-04-05T09:49:48.543Z] >>> [apiv2][body] POST https://firebasehosting.googleapis.com/v1beta1/projects/-/sites/lexica-f4l4v/versions {"status":"CREATED","labels":{"deployment-tool":"cli-firebase"}}
[debug] [2026-04-05T09:49:50.184Z] <<< [apiv2][status] POST https://firebasehosting.googleapis.com/v1beta1/projects/-/sites/lexica-f4l4v/versions 200
